<?xml version="1.0" encoding="UTF-8"?>
<!-- Generated by org.testng.reporters.JUnitReportReporter -->
<testsuite hostname="Fayaz-PC" name="script.TestBaseClass" tests="1" failures="0" timestamp="14 Apr 2019 12:24:31 GMT" time="17.739" errors="0">
  <testcase name="testA" time="17.739" classname="script.TestBaseClass"/>
</testsuite> <!-- script.TestBaseClass -->
