<?xml version="1.0" encoding="UTF-8"?>
<!-- Generated by org.testng.reporters.JUnitReportReporter -->
<testsuite hostname="Fayaz-PC" name="script.DemoA" tests="1" failures="0" timestamp="14 Apr 2019 12:24:31 GMT" time="12.416" errors="0">
  <testcase name="ValidLogin" time="12.416" classname="script.DemoA"/>
</testsuite> <!-- script.DemoA -->
