<?xml version="1.0" encoding="UTF-8"?>
<!-- Generated by org.testng.reporters.JUnitReportReporter -->
<testsuite hostname="Fayaz-PC" name="script.TestBaseClass" tests="1" failures="0" timestamp="14 Apr 2019 12:31:15 GMT" time="5.901" errors="0">
  <testcase name="testA" time="5.901" classname="script.TestBaseClass"/>
</testsuite> <!-- script.TestBaseClass -->
