<?xml version="1.0" encoding="UTF-8"?>
<!-- Generated by org.testng.reporters.JUnitReportReporter -->
<testsuite hostname="Fayaz-PC" name="script.DemoA" tests="1" failures="0" timestamp="14 Apr 2019 12:31:15 GMT" time="13.989" errors="0">
  <testcase name="ValidLogin" time="13.989" classname="script.DemoA"/>
</testsuite> <!-- script.DemoA -->
